1446390720322|-1||debug||com.p6spy.engine.common.P6SpyOptions reloading properties
1446390720329|-1||info||Using properties file: C:\GitHub\Test\target\classes\spy.properties
1446390720329|-1||info||No value in environment for: getStackTrace, using: false
1446390720329|-1||info||No value in environment for: getFilter, using: false
1446390720329|-1||info||No value in environment for: getUsePrefix, using: false
1446390720329|-1||info||No value in environment for: getDeregisterDrivers, using: true
1446390720329|-1||info||No value in environment for: getExecutionThreshold, using: 0
1446390720329|-1||info||No value in environment for: getExcludecategories, using: info,debug,result,batch
1446390720329|-1||info||No value in environment for: getIncludecategories, using: 
1446390720329|-1||info||No value in environment for: getRealdriver2, using: 
1446390720329|-1||info||No value in environment for: getRealdriver3, using: 
1446390720329|-1||info||No value in environment for: getDateformatter, using: null
1446390720329|-1||info||No value in environment for: getStringmatcher, using: com.p6spy.engine.common.SubstringMatcher
1446390720329|-1||info||No value in environment for: getStringMatcherEngine, using: com.p6spy.engine.common.SubstringMatcher@6c605f7b
1446390720329|-1||info||No value in environment for: getStackTraceClass, using: 
1446390720330|-1||info||No value in environment for: getSQLExpression, using: null
1446390720330|-1||info||No value in environment for: getReloadProperties, using: false
1446390720330|-1||info||No value in environment for: getReloadPropertiesInterval, using: 60
1446390720330|-1||info||No value in environment for: getJNDIContextFactory, using: null
1446390720330|-1||info||No value in environment for: getJNDIContextProviderURL, using: null
1446390720330|-1||info||No value in environment for: getJNDIContextCustom, using: null
1446390720330|-1||info||No value in environment for: getRealDataSource, using: null
1446390720330|-1||info||No value in environment for: getRealDataSourceClass, using: null
1446390720330|-1||info||No value in environment for: getRealDataSourceProperties, using: null
1446390720330|-1||info||No value in environment for: getDateformat, using: 
1446390720330|-1||info||No value in environment for: getAutoflush, using: true
1446390720330|-1||info||No value in environment for: getExclude, using: 
1446390720330|-1||info||No value in environment for: getInclude, using: 
1446390720330|-1||info||No value in environment for: getLogfile, using: c:/spy.log
1446390720330|-1||info||No value in environment for: getAppender, using: com.p6spy.engine.logging.appender.FileLogger
1446390720331|-1||info||No value in environment for: getRealdriver, using: com.microsoft.sqlserver.jdbc.SQLServerDriver
1446390720331|-1||info||No value in environment for: getAppend, using: true
1446390720331|-1||info||No value in environment for: getSpydriver, using: com.p6spy.engine.spy.P6SpyDriver
